Using pre-set license
Built from '2020.3/staging' branch; Version is '2020.3.19f1 (68f137dc9bbe) revision 6877495'; Using compiler version '192528614'; Build Type 'Release'
OS: 'Windows 10 Home China; OS build 19043.1706; Version 2009; 64bit' Language: 'zh' Physical Memory: 8076 MB
BatchMode: 1, IsHumanControllingUs: 0, StartBugReporterOnCrash: 0, Is64bit: 1, IsPro: 0

COMMAND LINE ARGUMENTS:
D:\CS\Unity Hub\2020.3.19f1\Editor\Unity.exe
-adb2
-batchMode
-noUpm
-name
AssetImportWorker0
-projectPath
E:/academic/4/2/Games Engines 2/assignment/Games-Engines-2-Assignment/Space War
-logFile
Logs/AssetImportWorker0.log
-srvPort
58622
Successfully changed project path to: E:/academic/4/2/Games Engines 2/assignment/Games-Engines-2-Assignment/Space War
E:/academic/4/2/Games Engines 2/assignment/Games-Engines-2-Assignment/Space War
Using Asset Import Pipeline V2.
Refreshing native plugins compatible for Editor in 36.02 ms, found 2 plugins.
Preloading 0 native plugins for Editor in 0.00 ms.
Initialize engine version: 2020.3.19f1 (68f137dc9bbe)
[Subsystems] Discovering subsystems at path D:/CS/Unity Hub/2020.3.19f1/Editor/Data/Resources/UnitySubsystems
[Subsystems] Discovering subsystems at path E:/academic/4/2/Games Engines 2/assignment/Games-Engines-2-Assignment/Space War/Assets
GfxDevice: creating device client; threaded=0
Direct3D:
    Version:  Direct3D 11.0 [level 11.1]
    Renderer: NVIDIA GeForce GTX 1050 (ID=0x1c8d)
    Vendor:   
    VRAM:     4031 MB
    Driver:   23.21.13.8871
Initialize mono
Mono path[0] = 'D:/CS/Unity Hub/2020.3.19f1/Editor/Data/Managed'
Mono path[1] = 'D:/CS/Unity Hub/2020.3.19f1/Editor/Data/MonoBleedingEdge/lib/mono/unityjit'
Mono config path = 'D:/CS/Unity Hub/2020.3.19f1/Editor/Data/MonoBleedingEdge/etc'
Using monoOptions --debugger-agent=transport=dt_socket,embedding=1,server=y,suspend=n,address=127.0.0.1:56824
Begin MonoManager ReloadAssembly
Registering precompiled unity dll's ...
Register platform support module: D:/CS/Unity Hub/2020.3.19f1/Editor/Data/PlaybackEngines/WindowsStandaloneSupport/UnityEditor.WindowsStandalone.Extensions.dll
Registered in 0.002045 seconds.
Native extension for WindowsStandalone target not found
Refreshing native plugins compatible for Editor in 33.98 ms, found 2 plugins.
Preloading 0 native plugins for Editor in 0.00 ms.
Mono: successfully reloaded assembly
- Completed reload, in  8.820 seconds
Domain Reload Profiling:
	ReloadAssembly (8820ms)
		BeginReloadAssembly (104ms)
			ExecutionOrderSort (0ms)
			DisableScriptedObjects (0ms)
			BackupInstance (0ms)
			ReleaseScriptingObjects (0ms)
			CreateAndSetChildDomain (1ms)
		EndReloadAssembly (519ms)
			LoadAssemblies (102ms)
			RebuildTransferFunctionScriptingTraits (0ms)
			SetupTypeCache (179ms)
			ReleaseScriptCaches (0ms)
			RebuildScriptCaches (38ms)
			SetupLoadedEditorAssemblies (210ms)
				LogAssemblyErrors (0ms)
				InitializePlatformSupportModulesInManaged (4ms)
				SetLoadedEditorAssemblies (0ms)
				RefreshPlugins (34ms)
				BeforeProcessingInitializeOnLoad (15ms)
				ProcessInitializeOnLoadAttributes (88ms)
				ProcessInitializeOnLoadMethodAttributes (69ms)
				AfterProcessingInitializeOnLoad (0ms)
				EditorAssembliesLoaded (0ms)
			ExecutionOrderSort2 (0ms)
			AwakeInstancesAfterBackupRestoration (0ms)
Platform modules already initialized, skipping
Registering precompiled user dll's ...
Registered in 0.006526 seconds.
Begin MonoManager ReloadAssembly
Native extension for WindowsStandalone target not found
Refreshing native plugins compatible for Editor in 0.35 ms, found 2 plugins.
Preloading 0 native plugins for Editor in 0.00 ms.
Mono: successfully reloaded assembly
- Completed reload, in  1.229 seconds
Domain Reload Profiling:
	ReloadAssembly (1230ms)
		BeginReloadAssembly (202ms)
			ExecutionOrderSort (0ms)
			DisableScriptedObjects (5ms)
			BackupInstance (0ms)
			ReleaseScriptingObjects (0ms)
			CreateAndSetChildDomain (28ms)
		EndReloadAssembly (967ms)
			LoadAssemblies (115ms)
			RebuildTransferFunctionScriptingTraits (0ms)
			SetupTypeCache (286ms)
			ReleaseScriptCaches (0ms)
			RebuildScriptCaches (43ms)
			SetupLoadedEditorAssemblies (438ms)
				LogAssemblyErrors (0ms)
				InitializePlatformSupportModulesInManaged (7ms)
				SetLoadedEditorAssemblies (1ms)
				RefreshPlugins (0ms)
				BeforeProcessingInitializeOnLoad (218ms)
				ProcessInitializeOnLoadAttributes (203ms)
				ProcessInitializeOnLoadMethodAttributes (6ms)
				AfterProcessingInitializeOnLoad (2ms)
				EditorAssembliesLoaded (0ms)
			ExecutionOrderSort2 (0ms)
			AwakeInstancesAfterBackupRestoration (9ms)
Platform modules already initialized, skipping
========================================================================
Worker process is ready to serve import requests
Launched and connected shader compiler UnityShaderCompiler.exe after 0.27 seconds
Refreshing native plugins compatible for Editor in 0.71 ms, found 2 plugins.
Preloading 0 native plugins for Editor in 0.00 ms.
Unloading 1411 Unused Serialized files (Serialized files now loaded: 0)
System memory in use before: 69.9 MB.
System memory in use after: 70.0 MB.

Unloading 16 unused Assets to reduce memory usage. Loaded Objects now: 1854.
Total: 3.306400 ms (FindLiveObjects: 0.151400 ms CreateObjectMapping: 0.044200 ms MarkObjects: 2.972600 ms  DeleteObjects: 0.137400 ms)

AssetImportParameters requested are different than current active one (requested -> active):
  custom:framework-win-MediaFoundation: 216162199b28c13a410421893ffa2e32 -> 
  custom:video-decoder-ogg-theora: a1e56fd34408186e4bbccfd4996cb3dc -> 
  custom:container-muxer-webm: aa71ff27fc2769a1b78a27578f13a17b -> 
  custom:container-demuxer-webm: 4f35f7cbe854078d1ac9338744f61a02 -> 
  custom:container-demuxer-ogg: 62fdf1f143b41e24485cea50d1cbac27 -> 
  custom:video-encoder-webm-vp8: eb34c28f22e8b96e1ab97ce403110664 -> 
  custom:video-decoder-webm-vp8: 9c59270c3fd7afecdb556c50c9e8de78 -> 
  custom:audio-decoder-ogg-vorbis: bf7c407c2cedff20999df2af8eb42d56 -> 
  custom:audio-encoder-webm-vorbis: bf7c407c2cedff20999df2af8eb42d56 -> 
========================================================================
Received Import Request.
  path: Assets/Scenes/Scene6.unity
  artifactKey: Guid(87fddeef278d96342ac840b257c8e24b) Importer(815301076,1909f56bfc062723c751e8b465ee728b)
Start importing Assets/Scenes/Scene6.unity using Guid(87fddeef278d96342ac840b257c8e24b) Importer(815301076,1909f56bfc062723c751e8b465ee728b)  -> (artifact id: 'ddad1999976cf07a4142578fd56d3c8a') in 0.040272 seconds 
  Import took 0.100037 seconds .

========================================================================
Received Import Request.
  Time since last request: 4945.277034 seconds.
  path: Assets/Scenes/Scene5.unity
  artifactKey: Guid(4bc20f8098789b24492013efd93cb930) Importer(815301076,1909f56bfc062723c751e8b465ee728b)
Start importing Assets/Scenes/Scene5.unity using Guid(4bc20f8098789b24492013efd93cb930) Importer(815301076,1909f56bfc062723c751e8b465ee728b)  -> (artifact id: 'cc72058acbf613be0d10dc29b0018853') in 0.010296 seconds 
  Import took 0.048603 seconds .

========================================================================
Received Import Request.
  Time since last request: 1987.486215 seconds.
  path: Assets/Materials/Portal
  artifactKey: Guid(3184e41f2d0a71b4897a41f3b52467f5) Importer(815301076,1909f56bfc062723c751e8b465ee728b)
Start importing Assets/Materials/Portal using Guid(3184e41f2d0a71b4897a41f3b52467f5) Importer(815301076,1909f56bfc062723c751e8b465ee728b)  -> (artifact id: 'e99ff6284b4cd64e0ba851e0a5ad6187') in 0.020386 seconds 
  Import took 0.046613 seconds .

========================================================================
Received Import Request.
  Time since last request: 22.008976 seconds.
  path: Assets/Materials/ShaderGraphPortal
  artifactKey: Guid(3184e41f2d0a71b4897a41f3b52467f5) Importer(815301076,1909f56bfc062723c751e8b465ee728b)
Start importing Assets/Materials/ShaderGraphPortal using Guid(3184e41f2d0a71b4897a41f3b52467f5) Importer(815301076,1909f56bfc062723c751e8b465ee728b)  -> (artifact id: '3415c0909613306fb7364cfaf592952f') in 0.011369 seconds 
  Import took 0.047731 seconds .

========================================================================
Received Import Request.
  Time since last request: 20.188420 seconds.
  path: Assets/Materials/ShaderGraphPortal/shaders
  artifactKey: Guid(6c1d178b129ac5941b3778635eba5947) Importer(815301076,1909f56bfc062723c751e8b465ee728b)
Start importing Assets/Materials/ShaderGraphPortal/shaders using Guid(6c1d178b129ac5941b3778635eba5947) Importer(815301076,1909f56bfc062723c751e8b465ee728b)  -> (artifact id: '57f909f28d8ca7ea48cc01e2de942a40') in 0.012360 seconds 
  Import took 0.045869 seconds .

========================================================================
Received Import Request.
  Time since last request: 5.904666 seconds.
  path: Assets/Materials/ShaderGraphPortal/Shaders
  artifactKey: Guid(6c1d178b129ac5941b3778635eba5947) Importer(815301076,1909f56bfc062723c751e8b465ee728b)
Start importing Assets/Materials/ShaderGraphPortal/Shaders using Guid(6c1d178b129ac5941b3778635eba5947) Importer(815301076,1909f56bfc062723c751e8b465ee728b)  -> (artifact id: 'a62361af2ec1cdc6a7878f77ad9fa847') in 0.011595 seconds 
  Import took 0.032099 seconds .

========================================================================
Received Import Request.
  Time since last request: 51.500536 seconds.
  path: Assets/Materials/ShaderGraphPortal/Shaders/NewShaderVariants.shadervariants
  artifactKey: Guid(1faf582afa36f114fadc349c696dec29) Importer(815301076,1909f56bfc062723c751e8b465ee728b)
Start importing Assets/Materials/ShaderGraphPortal/Shaders/NewShaderVariants.shadervariants using Guid(1faf582afa36f114fadc349c696dec29) Importer(815301076,1909f56bfc062723c751e8b465ee728b)  -> (artifact id: '6778f31a8e43c9a78a85608a09c96f3b') in 0.082519 seconds 
  Import took 0.113289 seconds .

========================================================================
Received Import Request.
  Time since last request: 7.723703 seconds.
  path: Assets/Materials/ShaderGraphPortal/Shaders/NewImageEffectShader.shader
  artifactKey: Guid(e4c530ec6a9ad5e4f8d62e0f0ad1dbc0) Importer(815301076,1909f56bfc062723c751e8b465ee728b)
Start importing Assets/Materials/ShaderGraphPortal/Shaders/NewImageEffectShader.shader using Guid(e4c530ec6a9ad5e4f8d62e0f0ad1dbc0) Importer(815301076,1909f56bfc062723c751e8b465ee728b)  -> (artifact id: '54801d4417ddb25f8c1a1df8a3381100') in 0.018528 seconds 
  Import took 0.040238 seconds .

========================================================================
Received Import Request.
  Time since last request: 129.459368 seconds.
  path: Assets/Materials/ShaderGraphPortal/Shaders/NewUnlitShader.shader
  artifactKey: Guid(d444c22b622a86a4dac40622032f95b5) Importer(815301076,1909f56bfc062723c751e8b465ee728b)
Start importing Assets/Materials/ShaderGraphPortal/Shaders/NewUnlitShader.shader using Guid(d444c22b622a86a4dac40622032f95b5) Importer(815301076,1909f56bfc062723c751e8b465ee728b)  -> (artifact id: 'c8f60e65302c5914b277e4353e8556c1') in 0.018727 seconds 
  Import took 0.095296 seconds .

========================================================================
Received Prepare
Registering precompiled user dll's ...
Registered in 0.006445 seconds.
Begin MonoManager ReloadAssembly
Native extension for WindowsStandalone target not found
Refreshing native plugins compatible for Editor in 45.61 ms, found 2 plugins.
Preloading 0 native plugins for Editor in 0.00 ms.
Mono: successfully reloaded assembly
- Completed reload, in  1.370 seconds
Domain Reload Profiling:
	ReloadAssembly (1373ms)
		BeginReloadAssembly (235ms)
			ExecutionOrderSort (0ms)
			DisableScriptedObjects (21ms)
			BackupInstance (0ms)
			ReleaseScriptingObjects (0ms)
			CreateAndSetChildDomain (92ms)
		EndReloadAssembly (1063ms)
			LoadAssemblies (142ms)
			RebuildTransferFunctionScriptingTraits (0ms)
			SetupTypeCache (355ms)
			ReleaseScriptCaches (1ms)
			RebuildScriptCaches (44ms)
			SetupLoadedEditorAssemblies (373ms)
				LogAssemblyErrors (0ms)
				InitializePlatformSupportModulesInManaged (4ms)
				SetLoadedEditorAssemblies (0ms)
				RefreshPlugins (46ms)
				BeforeProcessingInitializeOnLoad (79ms)
				ProcessInitializeOnLoadAttributes (235ms)
				ProcessInitializeOnLoadMethodAttributes (5ms)
				AfterProcessingInitializeOnLoad (3ms)
				EditorAssembliesLoaded (0ms)
			ExecutionOrderSort2 (0ms)
			AwakeInstancesAfterBackupRestoration (11ms)
Platform modules already initialized, skipping
Refreshing native plugins compatible for Editor in 0.76 ms, found 2 plugins.
Preloading 0 native plugins for Editor in 0.00 ms.
Unloading 2206 Unused Serialized files (Serialized files now loaded: 0)
System memory in use before: 93.2 MB.
System memory in use after: 93.1 MB.

Unloading 19 unused Assets to reduce memory usage. Loaded Objects now: 2649.
Total: 3.832300 ms (FindLiveObjects: 0.239000 ms CreateObjectMapping: 0.098100 ms MarkObjects: 3.319900 ms  DeleteObjects: 0.173700 ms)

AssetImportParameters requested are different than current active one (requested -> active):
  custom:framework-win-MediaFoundation: 216162199b28c13a410421893ffa2e32 -> 
  custom:video-decoder-ogg-theora: a1e56fd34408186e4bbccfd4996cb3dc -> 
  custom:container-muxer-webm: aa71ff27fc2769a1b78a27578f13a17b -> 
  custom:container-demuxer-webm: 4f35f7cbe854078d1ac9338744f61a02 -> 
  custom:container-demuxer-ogg: 62fdf1f143b41e24485cea50d1cbac27 -> 
  custom:video-encoder-webm-vp8: eb34c28f22e8b96e1ab97ce403110664 -> 
  custom:video-decoder-webm-vp8: 9c59270c3fd7afecdb556c50c9e8de78 -> 
  custom:audio-decoder-ogg-vorbis: bf7c407c2cedff20999df2af8eb42d56 -> 
  custom:audio-encoder-webm-vorbis: bf7c407c2cedff20999df2af8eb42d56 -> 
========================================================================
Received Prepare
Registering precompiled user dll's ...
Registered in 0.007159 seconds.
Begin MonoManager ReloadAssembly
Native extension for WindowsStandalone target not found
Refreshing native plugins compatible for Editor in 54.84 ms, found 2 plugins.
Preloading 0 native plugins for Editor in 0.00 ms.
Mono: successfully reloaded assembly
- Completed reload, in  1.301 seconds
Domain Reload Profiling:
	ReloadAssembly (1302ms)
		BeginReloadAssembly (144ms)
			ExecutionOrderSort (0ms)
			DisableScriptedObjects (7ms)
			BackupInstance (0ms)
			ReleaseScriptingObjects (0ms)
			CreateAndSetChildDomain (39ms)
		EndReloadAssembly (1090ms)
			LoadAssemblies (138ms)
			RebuildTransferFunctionScriptingTraits (0ms)
			SetupTypeCache (375ms)
			ReleaseScriptCaches (1ms)
			RebuildScriptCaches (47ms)
			SetupLoadedEditorAssemblies (379ms)
				LogAssemblyErrors (0ms)
				InitializePlatformSupportModulesInManaged (5ms)
				SetLoadedEditorAssemblies (0ms)
				RefreshPlugins (55ms)
				BeforeProcessingInitializeOnLoad (93ms)
				ProcessInitializeOnLoadAttributes (214ms)
				ProcessInitializeOnLoadMethodAttributes (8ms)
				AfterProcessingInitializeOnLoad (3ms)
				EditorAssembliesLoaded (0ms)
			ExecutionOrderSort2 (0ms)
			AwakeInstancesAfterBackupRestoration (8ms)
Platform modules already initialized, skipping
Refreshing native plugins compatible for Editor in 0.73 ms, found 2 plugins.
Preloading 0 native plugins for Editor in 0.00 ms.
Unloading 2729 Unused Serialized files (Serialized files now loaded: 0)
System memory in use before: 109.3 MB.
System memory in use after: 109.1 MB.

Unloading 24 unused Assets to reduce memory usage. Loaded Objects now: 3169.
Total: 4.176600 ms (FindLiveObjects: 0.282000 ms CreateObjectMapping: 0.142800 ms MarkObjects: 3.516500 ms  DeleteObjects: 0.234000 ms)

AssetImportParameters requested are different than current active one (requested -> active):
  custom:framework-win-MediaFoundation: 216162199b28c13a410421893ffa2e32 -> 
  custom:video-decoder-ogg-theora: a1e56fd34408186e4bbccfd4996cb3dc -> 
  custom:container-muxer-webm: aa71ff27fc2769a1b78a27578f13a17b -> 
  custom:container-demuxer-webm: 4f35f7cbe854078d1ac9338744f61a02 -> 
  custom:container-demuxer-ogg: 62fdf1f143b41e24485cea50d1cbac27 -> 
  custom:video-encoder-webm-vp8: eb34c28f22e8b96e1ab97ce403110664 -> 
  custom:video-decoder-webm-vp8: 9c59270c3fd7afecdb556c50c9e8de78 -> 
  custom:audio-decoder-ogg-vorbis: bf7c407c2cedff20999df2af8eb42d56 -> 
  custom:audio-encoder-webm-vorbis: bf7c407c2cedff20999df2af8eb42d56 -> 
========================================================================
Received Prepare
Registering precompiled user dll's ...
Registered in 0.006818 seconds.
Begin MonoManager ReloadAssembly
Native extension for WindowsStandalone target not found
Refreshing native plugins compatible for Editor in 0.77 ms, found 2 plugins.
Preloading 0 native plugins for Editor in 0.00 ms.
Mono: successfully reloaded assembly
- Completed reload, in  1.352 seconds
Domain Reload Profiling:
	ReloadAssembly (1352ms)
		BeginReloadAssembly (158ms)
			ExecutionOrderSort (0ms)
			DisableScriptedObjects (8ms)
			BackupInstance (0ms)
			ReleaseScriptingObjects (0ms)
			CreateAndSetChildDomain (42ms)
		EndReloadAssembly (1125ms)
			LoadAssemblies (133ms)
			RebuildTransferFunctionScriptingTraits (0ms)
			SetupTypeCache (394ms)
			ReleaseScriptCaches (1ms)
			RebuildScriptCaches (85ms)
			SetupLoadedEditorAssemblies (397ms)
				LogAssemblyErrors (0ms)
				InitializePlatformSupportModulesInManaged (6ms)
				SetLoadedEditorAssemblies (0ms)
				RefreshPlugins (1ms)
				BeforeProcessingInitializeOnLoad (140ms)
				ProcessInitializeOnLoadAttributes (239ms)
				ProcessInitializeOnLoadMethodAttributes (7ms)
				AfterProcessingInitializeOnLoad (3ms)
				EditorAssembliesLoaded (0ms)
			ExecutionOrderSort2 (0ms)
			AwakeInstancesAfterBackupRestoration (8ms)
Platform modules already initialized, skipping
Refreshing native plugins compatible for Editor in 0.57 ms, found 2 plugins.
Preloading 0 native plugins for Editor in 0.00 ms.
Unloading 2729 Unused Serialized files (Serialized files now loaded: 0)
System memory in use before: 109.3 MB.
System memory in use after: 109.2 MB.

Unloading 24 unused Assets to reduce memory usage. Loaded Objects now: 3171.
Total: 4.088200 ms (FindLiveObjects: 0.325700 ms CreateObjectMapping: 0.144700 ms MarkObjects: 3.381600 ms  DeleteObjects: 0.235000 ms)

AssetImportParameters requested are different than current active one (requested -> active):
  custom:framework-win-MediaFoundation: 216162199b28c13a410421893ffa2e32 -> 
  custom:video-decoder-ogg-theora: a1e56fd34408186e4bbccfd4996cb3dc -> 
  custom:container-muxer-webm: aa71ff27fc2769a1b78a27578f13a17b -> 
  custom:container-demuxer-webm: 4f35f7cbe854078d1ac9338744f61a02 -> 
  custom:container-demuxer-ogg: 62fdf1f143b41e24485cea50d1cbac27 -> 
  custom:video-encoder-webm-vp8: eb34c28f22e8b96e1ab97ce403110664 -> 
  custom:video-decoder-webm-vp8: 9c59270c3fd7afecdb556c50c9e8de78 -> 
  custom:audio-decoder-ogg-vorbis: bf7c407c2cedff20999df2af8eb42d56 -> 
  custom:audio-encoder-webm-vorbis: bf7c407c2cedff20999df2af8eb42d56 -> 
========================================================================
Received Import Request.
  Time since last request: 608.414891 seconds.
  path: Assets/Materials/ShaderGraphPortal/Shaders/New Shader Graph.shadergraph
  artifactKey: Guid(d79257a9708a9fa4e9fde22e3652b20a) Importer(815301076,1909f56bfc062723c751e8b465ee728b)
Start importing Assets/Materials/ShaderGraphPortal/Shaders/New Shader Graph.shadergraph using Guid(d79257a9708a9fa4e9fde22e3652b20a) Importer(815301076,1909f56bfc062723c751e8b465ee728b)  -> (artifact id: '5be41b0db1e33eea6a90facb4f7a4935') in 0.051486 seconds 
  Import took 0.057304 seconds .

========================================================================
Received Import Request.
  Time since last request: 10.189569 seconds.
  path: Assets/Materials/ShaderGraphPortal/Shaders/New Shader Graph.shadergraph
  artifactKey: Guid(d79257a9708a9fa4e9fde22e3652b20a) Importer(815301076,1909f56bfc062723c751e8b465ee728b)
Start importing Assets/Materials/ShaderGraphPortal/Shaders/New Shader Graph.shadergraph using Guid(d79257a9708a9fa4e9fde22e3652b20a) Importer(815301076,1909f56bfc062723c751e8b465ee728b)  -> (artifact id: '7ddffe682b265c9f453acd321c886a2d') in 0.010440 seconds 
  Import took 0.014871 seconds .

========================================================================
Received Import Request.
  Time since last request: 209.035107 seconds.
  path: Assets/Materials/Portal/Shaders/New VFX.vfx
  artifactKey: Guid(b2f33418f75af9249ab44dc7b87a9bfe) Importer(815301076,1909f56bfc062723c751e8b465ee728b)
Start importing Assets/Materials/Portal/Shaders/New VFX.vfx using Guid(b2f33418f75af9249ab44dc7b87a9bfe) Importer(815301076,1909f56bfc062723c751e8b465ee728b)  -> (artifact id: '305b9d0d18d1f6a6c7d9e9c9126f38d9') in 0.015414 seconds 
  Import took 0.020778 seconds .

========================================================================
Received Prepare
Registering precompiled user dll's ...
Registered in 0.006441 seconds.
Begin MonoManager ReloadAssembly
Native extension for WindowsStandalone target not found
Refreshing native plugins compatible for Editor in 0.52 ms, found 2 plugins.
Preloading 0 native plugins for Editor in 0.00 ms.
Mono: successfully reloaded assembly
- Completed reload, in  1.423 seconds
Domain Reload Profiling:
	ReloadAssembly (1424ms)
		BeginReloadAssembly (160ms)
			ExecutionOrderSort (0ms)
			DisableScriptedObjects (6ms)
			BackupInstance (0ms)
			ReleaseScriptingObjects (0ms)
			CreateAndSetChildDomain (46ms)
		EndReloadAssembly (1190ms)
			LoadAssemblies (138ms)
			RebuildTransferFunctionScriptingTraits (0ms)
			SetupTypeCache (418ms)
			ReleaseScriptCaches (3ms)
			RebuildScriptCaches (129ms)
			SetupLoadedEditorAssemblies (364ms)
				LogAssemblyErrors (0ms)
				InitializePlatformSupportModulesInManaged (7ms)
				SetLoadedEditorAssemblies (1ms)
				RefreshPlugins (1ms)
				BeforeProcessingInitializeOnLoad (135ms)
				ProcessInitializeOnLoadAttributes (210ms)
				ProcessInitializeOnLoadMethodAttributes (8ms)
				AfterProcessingInitializeOnLoad (3ms)
				EditorAssembliesLoaded (0ms)
			ExecutionOrderSort2 (0ms)
			AwakeInstancesAfterBackupRestoration (7ms)
Platform modules already initialized, skipping
Refreshing native plugins compatible for Editor in 1.25 ms, found 2 plugins.
Preloading 0 native plugins for Editor in 0.00 ms.
Unloading 2729 Unused Serialized files (Serialized files now loaded: 0)
System memory in use before: 109.4 MB.
System memory in use after: 109.2 MB.

Unloading 24 unused Assets to reduce memory usage. Loaded Objects now: 3173.
Total: 4.027000 ms (FindLiveObjects: 0.300800 ms CreateObjectMapping: 0.138900 ms MarkObjects: 3.383900 ms  DeleteObjects: 0.202100 ms)

AssetImportParameters requested are different than current active one (requested -> active):
  custom:framework-win-MediaFoundation: 216162199b28c13a410421893ffa2e32 -> 
  custom:video-decoder-ogg-theora: a1e56fd34408186e4bbccfd4996cb3dc -> 
  custom:container-muxer-webm: aa71ff27fc2769a1b78a27578f13a17b -> 
  custom:container-demuxer-webm: 4f35f7cbe854078d1ac9338744f61a02 -> 
  custom:container-demuxer-ogg: 62fdf1f143b41e24485cea50d1cbac27 -> 
  custom:video-encoder-webm-vp8: eb34c28f22e8b96e1ab97ce403110664 -> 
  custom:video-decoder-webm-vp8: 9c59270c3fd7afecdb556c50c9e8de78 -> 
  custom:audio-decoder-ogg-vorbis: bf7c407c2cedff20999df2af8eb42d56 -> 
  custom:audio-encoder-webm-vorbis: bf7c407c2cedff20999df2af8eb42d56 -> 
========================================================================
Received Import Request.
  Time since last request: 69.283051 seconds.
  path: Assets/Scenes/Scene6.unity
  artifactKey: Guid(87fddeef278d96342ac840b257c8e24b) Importer(815301076,1909f56bfc062723c751e8b465ee728b)
Start importing Assets/Scenes/Scene6.unity using Guid(87fddeef278d96342ac840b257c8e24b) Importer(815301076,1909f56bfc062723c751e8b465ee728b)  -> (artifact id: 'b0b5aedebbff538f38c81d562a055bd6') in 0.040782 seconds 
  Import took 0.046125 seconds .

========================================================================
Received Prepare
Registering precompiled user dll's ...
Registered in 0.008849 seconds.
Begin MonoManager ReloadAssembly
Native extension for WindowsStandalone target not found
Refreshing native plugins compatible for Editor in 0.78 ms, found 2 plugins.
Preloading 0 native plugins for Editor in 0.00 ms.
Mono: successfully reloaded assembly
- Completed reload, in  1.784 seconds
Domain Reload Profiling:
	ReloadAssembly (1785ms)
		BeginReloadAssembly (203ms)
			ExecutionOrderSort (0ms)
			DisableScriptedObjects (7ms)
			BackupInstance (0ms)
			ReleaseScriptingObjects (0ms)
			CreateAndSetChildDomain (62ms)
		EndReloadAssembly (1487ms)
			LoadAssemblies (198ms)
			RebuildTransferFunctionScriptingTraits (0ms)
			SetupTypeCache (533ms)
			ReleaseScriptCaches (2ms)
			RebuildScriptCaches (115ms)
			SetupLoadedEditorAssemblies (509ms)
				LogAssemblyErrors (0ms)
				InitializePlatformSupportModulesInManaged (10ms)
				SetLoadedEditorAssemblies (1ms)
				RefreshPlugins (1ms)
				BeforeProcessingInitializeOnLoad (180ms)
				ProcessInitializeOnLoadAttributes (303ms)
				ProcessInitializeOnLoadMethodAttributes (10ms)
				AfterProcessingInitializeOnLoad (4ms)
				EditorAssembliesLoaded (0ms)
			ExecutionOrderSort2 (0ms)
			AwakeInstancesAfterBackupRestoration (10ms)
Platform modules already initialized, skipping
Refreshing native plugins compatible for Editor in 0.70 ms, found 2 plugins.
Preloading 0 native plugins for Editor in 0.00 ms.
Unloading 2729 Unused Serialized files (Serialized files now loaded: 0)
System memory in use before: 109.3 MB.
System memory in use after: 109.1 MB.

Unloading 24 unused Assets to reduce memory usage. Loaded Objects now: 3175.
Total: 5.989500 ms (FindLiveObjects: 0.461900 ms CreateObjectMapping: 0.266600 ms MarkObjects: 4.613600 ms  DeleteObjects: 0.644400 ms)

AssetImportParameters requested are different than current active one (requested -> active):
  custom:framework-win-MediaFoundation: 216162199b28c13a410421893ffa2e32 -> 
  custom:video-decoder-ogg-theora: a1e56fd34408186e4bbccfd4996cb3dc -> 
  custom:container-muxer-webm: aa71ff27fc2769a1b78a27578f13a17b -> 
  custom:container-demuxer-webm: 4f35f7cbe854078d1ac9338744f61a02 -> 
  custom:container-demuxer-ogg: 62fdf1f143b41e24485cea50d1cbac27 -> 
  custom:video-encoder-webm-vp8: eb34c28f22e8b96e1ab97ce403110664 -> 
  custom:video-decoder-webm-vp8: 9c59270c3fd7afecdb556c50c9e8de78 -> 
  custom:audio-decoder-ogg-vorbis: bf7c407c2cedff20999df2af8eb42d56 -> 
  custom:audio-encoder-webm-vorbis: bf7c407c2cedff20999df2af8eb42d56 -> 
========================================================================
Received Prepare
Registering precompiled user dll's ...
Registered in 0.008618 seconds.
Begin MonoManager ReloadAssembly
Native extension for WindowsStandalone target not found
Refreshing native plugins compatible for Editor in 1.06 ms, found 2 plugins.
Preloading 0 native plugins for Editor in 0.00 ms.
Mono: successfully reloaded assembly
- Completed reload, in  1.814 seconds
Domain Reload Profiling:
	ReloadAssembly (1815ms)
		BeginReloadAssembly (207ms)
			ExecutionOrderSort (0ms)
			DisableScriptedObjects (8ms)
			BackupInstance (0ms)
			ReleaseScriptingObjects (1ms)
			CreateAndSetChildDomain (56ms)
		EndReloadAssembly (1500ms)
			LoadAssemblies (202ms)
			RebuildTransferFunctionScriptingTraits (0ms)
			SetupTypeCache (554ms)
			ReleaseScriptCaches (2ms)
			RebuildScriptCaches (108ms)
			SetupLoadedEditorAssemblies (502ms)
				LogAssemblyErrors (0ms)
				InitializePlatformSupportModulesInManaged (7ms)
				SetLoadedEditorAssemblies (1ms)
				RefreshPlugins (1ms)
				BeforeProcessingInitializeOnLoad (167ms)
				ProcessInitializeOnLoadAttributes (312ms)
				ProcessInitializeOnLoadMethodAttributes (11ms)
				AfterProcessingInitializeOnLoad (3ms)
				EditorAssembliesLoaded (0ms)
			ExecutionOrderSort2 (0ms)
			AwakeInstancesAfterBackupRestoration (10ms)
Platform modules already initialized, skipping
Refreshing native plugins compatible for Editor in 0.68 ms, found 2 plugins.
Preloading 0 native plugins for Editor in 0.00 ms.
Unloading 2729 Unused Serialized files (Serialized files now loaded: 0)
System memory in use before: 109.3 MB.
System memory in use after: 109.1 MB.

Unloading 24 unused Assets to reduce memory usage. Loaded Objects now: 3177.
Total: 6.297500 ms (FindLiveObjects: 0.578000 ms CreateObjectMapping: 0.454200 ms MarkObjects: 4.914400 ms  DeleteObjects: 0.347300 ms)

AssetImportParameters requested are different than current active one (requested -> active):
  custom:framework-win-MediaFoundation: 216162199b28c13a410421893ffa2e32 -> 
  custom:video-decoder-ogg-theora: a1e56fd34408186e4bbccfd4996cb3dc -> 
  custom:container-muxer-webm: aa71ff27fc2769a1b78a27578f13a17b -> 
  custom:container-demuxer-webm: 4f35f7cbe854078d1ac9338744f61a02 -> 
  custom:container-demuxer-ogg: 62fdf1f143b41e24485cea50d1cbac27 -> 
  custom:video-encoder-webm-vp8: eb34c28f22e8b96e1ab97ce403110664 -> 
  custom:video-decoder-webm-vp8: 9c59270c3fd7afecdb556c50c9e8de78 -> 
  custom:audio-decoder-ogg-vorbis: bf7c407c2cedff20999df2af8eb42d56 -> 
  custom:audio-encoder-webm-vorbis: bf7c407c2cedff20999df2af8eb42d56 -> 
========================================================================
Received Import Request.
  Time since last request: 210.817027 seconds.
  path: Assets/Materials/Portal/Shaders/PortalVFX.vfx
  artifactKey: Guid(748add60607c2c94d9d4d9f0623eb87f) Importer(815301076,1909f56bfc062723c751e8b465ee728b)
Start importing Assets/Materials/Portal/Shaders/PortalVFX.vfx using Guid(748add60607c2c94d9d4d9f0623eb87f) Importer(815301076,1909f56bfc062723c751e8b465ee728b)  -> (artifact id: 'e148b43c579fcdf01e55f575cc9107af') in 0.032163 seconds 
  Import took 0.039915 seconds .

========================================================================
Received Import Request.
  Time since last request: 0.200670 seconds.
  path: Assets/Materials/Portal/Shaders/PortalVFX.vfx
  artifactKey: Guid(748add60607c2c94d9d4d9f0623eb87f) Importer(815301076,1909f56bfc062723c751e8b465ee728b)
Start importing Assets/Materials/Portal/Shaders/PortalVFX.vfx using Guid(748add60607c2c94d9d4d9f0623eb87f) Importer(815301076,1909f56bfc062723c751e8b465ee728b)  -> (artifact id: 'adcb981975824a10d37441bed0de22fe') in 0.006124 seconds 
  Import took 0.013492 seconds .

========================================================================
Received Prepare
Registering precompiled user dll's ...
Registered in 0.006944 seconds.
Begin MonoManager ReloadAssembly
Native extension for WindowsStandalone target not found
Refreshing native plugins compatible for Editor in 0.64 ms, found 2 plugins.
Preloading 0 native plugins for Editor in 0.00 ms.
Mono: successfully reloaded assembly
- Completed reload, in  1.700 seconds
Domain Reload Profiling:
	ReloadAssembly (1701ms)
		BeginReloadAssembly (205ms)
			ExecutionOrderSort (0ms)
			DisableScriptedObjects (6ms)
			BackupInstance (0ms)
			ReleaseScriptingObjects (0ms)
			CreateAndSetChildDomain (60ms)
		EndReloadAssembly (1391ms)
			LoadAssemblies (163ms)
			RebuildTransferFunctionScriptingTraits (0ms)
			SetupTypeCache (517ms)
			ReleaseScriptCaches (2ms)
			RebuildScriptCaches (117ms)
			SetupLoadedEditorAssemblies (471ms)
				LogAssemblyErrors (0ms)
				InitializePlatformSupportModulesInManaged (8ms)
				SetLoadedEditorAssemblies (1ms)
				RefreshPlugins (1ms)
				BeforeProcessingInitializeOnLoad (163ms)
				ProcessInitializeOnLoadAttributes (284ms)
				ProcessInitializeOnLoadMethodAttributes (10ms)
				AfterProcessingInitializeOnLoad (5ms)
				EditorAssembliesLoaded (0ms)
			ExecutionOrderSort2 (0ms)
			AwakeInstancesAfterBackupRestoration (10ms)
Platform modules already initialized, skipping
Refreshing native plugins compatible for Editor in 0.97 ms, found 2 plugins.
Preloading 0 native plugins for Editor in 0.00 ms.
Unloading 2729 Unused Serialized files (Serialized files now loaded: 0)
System memory in use before: 109.3 MB.
System memory in use after: 109.2 MB.

Unloading 24 unused Assets to reduce memory usage. Loaded Objects now: 3179.
Total: 4.826600 ms (FindLiveObjects: 0.450200 ms CreateObjectMapping: 0.344800 ms MarkObjects: 3.760900 ms  DeleteObjects: 0.268600 ms)

AssetImportParameters requested are different than current active one (requested -> active):
  custom:framework-win-MediaFoundation: 216162199b28c13a410421893ffa2e32 -> 
  custom:video-decoder-ogg-theora: a1e56fd34408186e4bbccfd4996cb3dc -> 
  custom:container-muxer-webm: aa71ff27fc2769a1b78a27578f13a17b -> 
  custom:container-demuxer-webm: 4f35f7cbe854078d1ac9338744f61a02 -> 
  custom:container-demuxer-ogg: 62fdf1f143b41e24485cea50d1cbac27 -> 
  custom:video-encoder-webm-vp8: eb34c28f22e8b96e1ab97ce403110664 -> 
  custom:video-decoder-webm-vp8: 9c59270c3fd7afecdb556c50c9e8de78 -> 
  custom:audio-decoder-ogg-vorbis: bf7c407c2cedff20999df2af8eb42d56 -> 
  custom:audio-encoder-webm-vorbis: bf7c407c2cedff20999df2af8eb42d56 -> 
========================================================================
Received Import Request.
  Time since last request: 176.491823 seconds.
  path: Assets/Materials/Portal/Shaders/PortalVFX.vfx
  artifactKey: Guid(748add60607c2c94d9d4d9f0623eb87f) Importer(815301076,1909f56bfc062723c751e8b465ee728b)
Start importing Assets/Materials/Portal/Shaders/PortalVFX.vfx using Guid(748add60607c2c94d9d4d9f0623eb87f) Importer(815301076,1909f56bfc062723c751e8b465ee728b)  -> (artifact id: '6f917cee45fd65f0aa23dc7940d1de36') in 0.021553 seconds 
  Import took 0.026915 seconds .

========================================================================
Received Import Request.
  Time since last request: 23.570418 seconds.
  path: Assets/Materials/Portal/Shaders/New Shader Graph.shadergraph
  artifactKey: Guid(9413d99a2f801a540852c70230ffa812) Importer(815301076,1909f56bfc062723c751e8b465ee728b)
Start importing Assets/Materials/Portal/Shaders/New Shader Graph.shadergraph using Guid(9413d99a2f801a540852c70230ffa812) Importer(815301076,1909f56bfc062723c751e8b465ee728b)  -> (artifact id: '955ebe6304f4f04a93f16146d2792061') in 0.011512 seconds 
  Import took 0.016843 seconds .

========================================================================
Received Import Request.
  Time since last request: 8.133018 seconds.
  path: Assets/Materials/Portal/Shaders/New Shader Graph.shadergraph
  artifactKey: Guid(9413d99a2f801a540852c70230ffa812) Importer(815301076,1909f56bfc062723c751e8b465ee728b)
Start importing Assets/Materials/Portal/Shaders/New Shader Graph.shadergraph using Guid(9413d99a2f801a540852c70230ffa812) Importer(815301076,1909f56bfc062723c751e8b465ee728b)  -> (artifact id: '73a341df5a99f8190b665fb1d53d51c4') in 0.007284 seconds 
  Import took 0.013841 seconds .

========================================================================
Received Import Request.
  Time since last request: 7.526500 seconds.
  path: Assets/Materials/Portal/Shaders/PortalShader.shadergraph
  artifactKey: Guid(9413d99a2f801a540852c70230ffa812) Importer(815301076,1909f56bfc062723c751e8b465ee728b)
Start importing Assets/Materials/Portal/Shaders/PortalShader.shadergraph using Guid(9413d99a2f801a540852c70230ffa812) Importer(815301076,1909f56bfc062723c751e8b465ee728b)  -> (artifact id: '45297d406daf18a9904d77f80a0a328a') in 0.014663 seconds 
  Import took 0.021192 seconds .

========================================================================
Received Prepare
Registering precompiled user dll's ...
Registered in 0.444599 seconds.
Begin MonoManager ReloadAssembly
Native extension for WindowsStandalone target not found
Refreshing native plugins compatible for Editor in 0.58 ms, found 2 plugins.
Preloading 0 native plugins for Editor in 0.00 ms.
Mono: successfully reloaded assembly
- Completed reload, in  1.365 seconds
Domain Reload Profiling:
	ReloadAssembly (1366ms)
		BeginReloadAssembly (157ms)
			ExecutionOrderSort (0ms)
			DisableScriptedObjects (5ms)
			BackupInstance (0ms)
			ReleaseScriptingObjects (0ms)
			CreateAndSetChildDomain (43ms)
		EndReloadAssembly (1138ms)
			LoadAssemblies (142ms)
			RebuildTransferFunctionScriptingTraits (0ms)
			SetupTypeCache (384ms)
			ReleaseScriptCaches (2ms)
			RebuildScriptCaches (78ms)
			SetupLoadedEditorAssemblies (442ms)
				LogAssemblyErrors (0ms)
				InitializePlatformSupportModulesInManaged (7ms)
				SetLoadedEditorAssemblies (0ms)
				RefreshPlugins (1ms)
				BeforeProcessingInitializeOnLoad (138ms)
				ProcessInitializeOnLoadAttributes (288ms)
				ProcessInitializeOnLoadMethodAttributes (6ms)
				AfterProcessingInitializeOnLoad (3ms)
				EditorAssembliesLoaded (0ms)
			ExecutionOrderSort2 (0ms)
			AwakeInstancesAfterBackupRestoration (7ms)
Platform modules already initialized, skipping
Shader 'Universal Render Pipeline/Nature/SpeedTree7': dependency 'BillboardShader' shader 'Universal Render Pipeline/Nature/SpeedTree7 Billboard' not found
Shader 'Universal Render Pipeline/Baked Lit': fallback shader 'Universal Render Pipeline/Unlit' not found
Shader 'Universal Render Pipeline/Simple Lit': fallback shader 'Hidden/Universal Render Pipeline/FallbackError' not found
Shader 'Universal Render Pipeline/Terrain/Lit': fallback shader 'Hidden/Universal Render Pipeline/FallbackError' not found
Shader 'Universal Render Pipeline/Terrain/Lit': dependency 'AddPassShader' shader 'Hidden/Universal Render Pipeline/Terrain/Lit (Add Pass)' not found
Shader 'Universal Render Pipeline/Terrain/Lit': dependency 'BaseMapShader' shader 'Hidden/Universal Render Pipeline/Terrain/Lit (Base Pass)' not found
Shader 'Universal Render Pipeline/Terrain/Lit': dependency 'BaseMapGenShader' shader 'Hidden/Universal Render Pipeline/Terrain/Lit (Basemap Gen)' not found
Shader 'Hidden/Universal Render Pipeline/Terrain/Lit (Add Pass)': fallback shader 'Hidden/Universal Render Pipeline/FallbackError' not found
Shader 'Hidden/Universal Render Pipeline/Terrain/Lit (Base Pass)': fallback shader 'Hidden/Universal Render Pipeline/FallbackError' not found
Refreshing native plugins compatible for Editor in 0.68 ms, found 2 plugins.
Preloading 0 native plugins for Editor in 0.00 ms.
Unloading 3186 Unused Serialized files (Serialized files now loaded: 0)
System memory in use before: 137.3 MB.
System memory in use after: 132.8 MB.

Unloading 74 unused Assets to reduce memory usage. Loaded Objects now: 3588.
Total: 7.982900 ms (FindLiveObjects: 0.375400 ms CreateObjectMapping: 0.151600 ms MarkObjects: 3.384800 ms  DeleteObjects: 4.069800 ms)

AssetImportParameters requested are different than current active one (requested -> active):
  custom:framework-win-MediaFoundation: 216162199b28c13a410421893ffa2e32 -> 
  custom:video-decoder-ogg-theora: a1e56fd34408186e4bbccfd4996cb3dc -> 
  custom:container-muxer-webm: aa71ff27fc2769a1b78a27578f13a17b -> 
  custom:container-demuxer-webm: 4f35f7cbe854078d1ac9338744f61a02 -> 
  custom:container-demuxer-ogg: 62fdf1f143b41e24485cea50d1cbac27 -> 
  custom:video-encoder-webm-vp8: eb34c28f22e8b96e1ab97ce403110664 -> 
  custom:video-decoder-webm-vp8: 9c59270c3fd7afecdb556c50c9e8de78 -> 
  custom:audio-decoder-ogg-vorbis: bf7c407c2cedff20999df2af8eb42d56 -> 
  custom:audio-encoder-webm-vorbis: bf7c407c2cedff20999df2af8eb42d56 -> 
========================================================================
Received Import Request.
  Time since last request: 644.473901 seconds.
  path: Assets/Materials/Portal/Shaders/New Shader Graph.shadergraph
  artifactKey: Guid(d0168114a8e16bf4e8f7310cf7ca7f83) Importer(815301076,1909f56bfc062723c751e8b465ee728b)
Start importing Assets/Materials/Portal/Shaders/New Shader Graph.shadergraph using Guid(d0168114a8e16bf4e8f7310cf7ca7f83) Importer(815301076,1909f56bfc062723c751e8b465ee728b)  -> (artifact id: '93021c974b10aabbce81654d78cd1592') in 0.041704 seconds 
  Import took 0.049190 seconds .

========================================================================
Received Import Request.
  Time since last request: 181.978843 seconds.
  path: Assets/Materials/Portal/Shaders/PortalShader.shadergraph
  artifactKey: Guid(d0168114a8e16bf4e8f7310cf7ca7f83) Importer(815301076,1909f56bfc062723c751e8b465ee728b)
Start importing Assets/Materials/Portal/Shaders/PortalShader.shadergraph using Guid(d0168114a8e16bf4e8f7310cf7ca7f83) Importer(815301076,1909f56bfc062723c751e8b465ee728b)  -> (artifact id: '0575110face673f60ba66516fe8d42d9') in 0.041351 seconds 
  Import took 0.048384 seconds .

========================================================================
Received Import Request.
  Time since last request: 223.471100 seconds.
  path: Assets/Materials/Portal/Shaders/PortalShadder.shadergraph
  artifactKey: Guid(ccc393be76ab5f246a1c8732b0d26e2a) Importer(815301076,1909f56bfc062723c751e8b465ee728b)
Start importing Assets/Materials/Portal/Shaders/PortalShadder.shadergraph using Guid(ccc393be76ab5f246a1c8732b0d26e2a) Importer(815301076,1909f56bfc062723c751e8b465ee728b)  -> (artifact id: '1b339fdce1aa85dda9521c5599082fe5') in 0.021426 seconds 
  Import took 0.031899 seconds .

========================================================================
Received Import Request.
  Time since last request: 1059.078493 seconds.
  path: Assets/Materials/Portal/Shaders/UniversalRenderPipelineAsset.asset
  artifactKey: Guid(b962d3cd047be4f4cb54aaa37d1fa6dd) Importer(815301076,1909f56bfc062723c751e8b465ee728b)
Start importing Assets/Materials/Portal/Shaders/UniversalRenderPipelineAsset.asset using Guid(b962d3cd047be4f4cb54aaa37d1fa6dd) Importer(815301076,1909f56bfc062723c751e8b465ee728b)  -> (artifact id: '5c8de0c5bd0ced9ee994cdd131dfe3f5') in 2.021059 seconds 
  Import took 2.028981 seconds .

========================================================================
Received Import Request.
  Time since last request: 0.000325 seconds.
  path: Assets/Materials/Portal/Shaders/UniversalRenderPipelineAsset_Renderer.asset
  artifactKey: Guid(d9744ff473b8e5e45a5adfcd347f5bf7) Importer(815301076,1909f56bfc062723c751e8b465ee728b)
Start importing Assets/Materials/Portal/Shaders/UniversalRenderPipelineAsset_Renderer.asset using Guid(d9744ff473b8e5e45a5adfcd347f5bf7) Importer(815301076,1909f56bfc062723c751e8b465ee728b)  -> (artifact id: 'a7e4e8716dca9991e9121c124a99d581') in 0.064900 seconds 
  Import took 0.071415 seconds .

========================================================================
Received Prepare
Switching render pipeline 00000000000000000000000000000000 -> b962d3cd047be4f4cb54aaa37d1fa6dd
Refreshing native plugins compatible for Editor in 114.75 ms, found 2 plugins.
Preloading 0 native plugins for Editor in 0.00 ms.
Unloading 120 Unused Serialized files (Serialized files now loaded: 0)
System memory in use before: 79.4 MB.
System memory in use after: 76.2 MB.

Unloading 52 unused Assets to reduce memory usage. Loaded Objects now: 3656.
Total: 6.431500 ms (FindLiveObjects: 0.307300 ms CreateObjectMapping: 0.149400 ms MarkObjects: 4.214100 ms  DeleteObjects: 1.759400 ms)

AssetImportParameters requested are different than current active one (requested -> active):
  custom:framework-win-MediaFoundation: 216162199b28c13a410421893ffa2e32 -> 
  custom:video-decoder-ogg-theora: a1e56fd34408186e4bbccfd4996cb3dc -> 
  custom:container-muxer-webm: aa71ff27fc2769a1b78a27578f13a17b -> 
  custom:container-demuxer-webm: 4f35f7cbe854078d1ac9338744f61a02 -> 
  custom:container-demuxer-ogg: 62fdf1f143b41e24485cea50d1cbac27 -> 
  custom:video-encoder-webm-vp8: eb34c28f22e8b96e1ab97ce403110664 -> 
  custom:video-decoder-webm-vp8: 9c59270c3fd7afecdb556c50c9e8de78 -> 
  custom:audio-decoder-ogg-vorbis: bf7c407c2cedff20999df2af8eb42d56 -> 
  custom:audio-encoder-webm-vorbis: bf7c407c2cedff20999df2af8eb42d56 -> 
========================================================================
Received Import Request.
  Time since last request: 419.383154 seconds.
  path: Assets/Materials/Portal/Shaders/PortalShadder.shadergraph
  artifactKey: Guid(ccc393be76ab5f246a1c8732b0d26e2a) Importer(815301076,1909f56bfc062723c751e8b465ee728b)
Start importing Assets/Materials/Portal/Shaders/PortalShadder.shadergraph using Guid(ccc393be76ab5f246a1c8732b0d26e2a) Importer(815301076,1909f56bfc062723c751e8b465ee728b)  -> (artifact id: '0007063403c09cf6eaaab1f9ca1adf17') in 0.010728 seconds 
  Import took 0.017209 seconds .

========================================================================
Received Import Request.
  Time since last request: 1.360779 seconds.
  path: Assets/Materials/Portal/Shaders/UniversalRenderPipelineAsset_Renderer.asset
  artifactKey: Guid(d9744ff473b8e5e45a5adfcd347f5bf7) Importer(815301076,1909f56bfc062723c751e8b465ee728b)
Start importing Assets/Materials/Portal/Shaders/UniversalRenderPipelineAsset_Renderer.asset using Guid(d9744ff473b8e5e45a5adfcd347f5bf7) Importer(815301076,1909f56bfc062723c751e8b465ee728b)  -> (artifact id: '278191a2a241ca0c0eadf86adac508bd') in 0.007777 seconds 
  Import took 0.014250 seconds .

========================================================================
Received Import Request.
  Time since last request: 2288.643124 seconds.
  path: Packages/com.unity.render-pipelines.universal/Runtime/Materials/ParticlesUnlit.mat
  artifactKey: Guid(e823cd5b5d27c0f4b8256e7c12ee3e6d) Importer(815301076,1909f56bfc062723c751e8b465ee728b)
Start importing Packages/com.unity.render-pipelines.universal/Runtime/Materials/ParticlesUnlit.mat using Guid(e823cd5b5d27c0f4b8256e7c12ee3e6d) Importer(815301076,1909f56bfc062723c751e8b465ee728b)  -> (artifact id: '45a767a9570b2eb9d5aab66db6c7289d') in 1.109204 seconds 
  Import took 1.122048 seconds .

========================================================================
Received Import Request.
  Time since last request: 1223.599060 seconds.
  path: Assets/Prefabs/SpacePortal.prefab
  artifactKey: Guid(4f2de8d92023a7e468b648089d37f6af) Importer(815301076,1909f56bfc062723c751e8b465ee728b)
Start importing Assets/Prefabs/SpacePortal.prefab using Guid(4f2de8d92023a7e468b648089d37f6af) Importer(815301076,1909f56bfc062723c751e8b465ee728b)  -> (artifact id: 'aebbc3d3f8bc8d314018ca4a51814fba') in 0.086601 seconds 
  Import took 0.093914 seconds .

========================================================================
Received Import Request.
  Time since last request: 46.095457 seconds.
  path: Assets/Scenes/Scene3.unity
  artifactKey: Guid(b5413edca3046574ea7fae89670435b2) Importer(815301076,1909f56bfc062723c751e8b465ee728b)
Start importing Assets/Scenes/Scene3.unity using Guid(b5413edca3046574ea7fae89670435b2) Importer(815301076,1909f56bfc062723c751e8b465ee728b)  -> (artifact id: '68a35d22b935dbf28619c40c1deebc82') in 0.013513 seconds 
  Import took 0.053018 seconds .

========================================================================
Received Import Request.
  Time since last request: 8.453779 seconds.
  path: Assets/Scenes/Scene2.unity
  artifactKey: Guid(9fc0d4010bbf28b4594072e72b8655ab) Importer(815301076,1909f56bfc062723c751e8b465ee728b)
Start importing Assets/Scenes/Scene2.unity using Guid(9fc0d4010bbf28b4594072e72b8655ab) Importer(815301076,1909f56bfc062723c751e8b465ee728b)  -> (artifact id: 'beb4a26bf5b40265fc3e3420f30d611a') in 0.011807 seconds 
  Import took 0.043787 seconds .

========================================================================
Received Import Request.
  Time since last request: 5.682426 seconds.
  path: Assets/Scenes/Scene4.unity
  artifactKey: Guid(3144f56f9acecd54c844746493d642f4) Importer(815301076,1909f56bfc062723c751e8b465ee728b)
Start importing Assets/Scenes/Scene4.unity using Guid(3144f56f9acecd54c844746493d642f4) Importer(815301076,1909f56bfc062723c751e8b465ee728b)  -> (artifact id: 'cebb60a3d42779b1897e151e4f7aead1') in 0.012904 seconds 
  Import took 0.020413 seconds .

========================================================================
Received Import Request.
  Time since last request: 3.470558 seconds.
  path: Assets/Scenes/Scene5.unity
  artifactKey: Guid(4bc20f8098789b24492013efd93cb930) Importer(815301076,1909f56bfc062723c751e8b465ee728b)
Start importing Assets/Scenes/Scene5.unity using Guid(4bc20f8098789b24492013efd93cb930) Importer(815301076,1909f56bfc062723c751e8b465ee728b)  -> (artifact id: 'c26097e1a59267f5e466b7959586ca03') in 0.010507 seconds 
  Import took 0.022582 seconds .

========================================================================
Received Import Request.
  Time since last request: 1.459077 seconds.
  path: Assets/Scenes/Scene6.unity
  artifactKey: Guid(87fddeef278d96342ac840b257c8e24b) Importer(815301076,1909f56bfc062723c751e8b465ee728b)
Start importing Assets/Scenes/Scene6.unity using Guid(87fddeef278d96342ac840b257c8e24b) Importer(815301076,1909f56bfc062723c751e8b465ee728b)  -> (artifact id: '84313e2ca5f5674e3a653c84d3873c10') in 0.010731 seconds 
  Import took 0.019523 seconds .

========================================================================
Received Import Request.
  Time since last request: 1.539221 seconds.
  path: Assets/Scenes/Scene1.unity
  artifactKey: Guid(9f57f69b79cf90640b24191f19c0d772) Importer(815301076,1909f56bfc062723c751e8b465ee728b)
Start importing Assets/Scenes/Scene1.unity using Guid(9f57f69b79cf90640b24191f19c0d772) Importer(815301076,1909f56bfc062723c751e8b465ee728b)  -> (artifact id: '1e39056e31fd339c4d5aa47d7f51edd5') in 0.012354 seconds 
  Import took 0.019471 seconds .

========================================================================
Received Prepare
Registering precompiled user dll's ...
Registered in 0.006302 seconds.
Begin MonoManager ReloadAssembly
Native extension for WindowsStandalone target not found
Refreshing native plugins compatible for Editor in 0.56 ms, found 2 plugins.
Preloading 0 native plugins for Editor in 0.00 ms.
Mono: successfully reloaded assembly
- Completed reload, in  1.537 seconds
Domain Reload Profiling:
	ReloadAssembly (1538ms)
		BeginReloadAssembly (227ms)
			ExecutionOrderSort (0ms)
			DisableScriptedObjects (8ms)
			BackupInstance (0ms)
			ReleaseScriptingObjects (0ms)
			CreateAndSetChildDomain (92ms)
		EndReloadAssembly (1244ms)
			LoadAssemblies (144ms)
			RebuildTransferFunctionScriptingTraits (0ms)
			SetupTypeCache (445ms)
			ReleaseScriptCaches (2ms)
			RebuildScriptCaches (73ms)
			SetupLoadedEditorAssemblies (375ms)
				LogAssemblyErrors (0ms)
				InitializePlatformSupportModulesInManaged (5ms)
				SetLoadedEditorAssemblies (0ms)
				RefreshPlugins (1ms)
				BeforeProcessingInitializeOnLoad (132ms)
				ProcessInitializeOnLoadAttributes (229ms)
				ProcessInitializeOnLoadMethodAttributes (6ms)
				AfterProcessingInitializeOnLoad (2ms)
				EditorAssembliesLoaded (0ms)
			ExecutionOrderSort2 (0ms)
			AwakeInstancesAfterBackupRestoration (18ms)
Platform modules already initialized, skipping
Switching render pipeline b962d3cd047be4f4cb54aaa37d1fa6dd -> 00000000000000000000000000000000
Refreshing native plugins compatible for Editor in 0.58 ms, found 2 plugins.
Preloading 0 native plugins for Editor in 0.00 ms.
Unloading 3166 Unused Serialized files (Serialized files now loaded: 0)
System memory in use before: 144.3 MB.
System memory in use after: 141.4 MB.

Unloading 52 unused Assets to reduce memory usage. Loaded Objects now: 3740.
Total: 6.488000 ms (FindLiveObjects: 0.318800 ms CreateObjectMapping: 0.135400 ms MarkObjects: 4.193600 ms  DeleteObjects: 1.838800 ms)

AssetImportParameters requested are different than current active one (requested -> active):
  custom:framework-win-MediaFoundation: 216162199b28c13a410421893ffa2e32 -> 
  custom:video-decoder-ogg-theora: a1e56fd34408186e4bbccfd4996cb3dc -> 
  custom:container-muxer-webm: aa71ff27fc2769a1b78a27578f13a17b -> 
  custom:container-demuxer-webm: 4f35f7cbe854078d1ac9338744f61a02 -> 
  custom:container-demuxer-ogg: 62fdf1f143b41e24485cea50d1cbac27 -> 
  custom:video-encoder-webm-vp8: eb34c28f22e8b96e1ab97ce403110664 -> 
  custom:video-decoder-webm-vp8: 9c59270c3fd7afecdb556c50c9e8de78 -> 
  custom:audio-decoder-ogg-vorbis: bf7c407c2cedff20999df2af8eb42d56 -> 
  custom:audio-encoder-webm-vorbis: bf7c407c2cedff20999df2af8eb42d56 -> 
========================================================================
Received Prepare
Refreshing native plugins compatible for Editor in 10.58 ms, found 2 plugins.
Preloading 0 native plugins for Editor in 0.00 ms.
Unloading 49 Unused Serialized files (Serialized files now loaded: 0)
System memory in use before: 81.6 MB.
System memory in use after: 78.8 MB.

Unloading 49 unused Assets to reduce memory usage. Loaded Objects now: 3740.
Total: 10.216100 ms (FindLiveObjects: 0.723200 ms CreateObjectMapping: 0.270700 ms MarkObjects: 5.211400 ms  DeleteObjects: 4.006500 ms)

AssetImportParameters requested are different than current active one (requested -> active):
  custom:framework-win-MediaFoundation: 216162199b28c13a410421893ffa2e32 -> 
  custom:video-decoder-ogg-theora: a1e56fd34408186e4bbccfd4996cb3dc -> 
  custom:container-muxer-webm: aa71ff27fc2769a1b78a27578f13a17b -> 
  custom:container-demuxer-webm: 4f35f7cbe854078d1ac9338744f61a02 -> 
  custom:container-demuxer-ogg: 62fdf1f143b41e24485cea50d1cbac27 -> 
  custom:video-encoder-webm-vp8: eb34c28f22e8b96e1ab97ce403110664 -> 
  custom:video-decoder-webm-vp8: 9c59270c3fd7afecdb556c50c9e8de78 -> 
  custom:audio-decoder-ogg-vorbis: bf7c407c2cedff20999df2af8eb42d56 -> 
  custom:audio-encoder-webm-vorbis: bf7c407c2cedff20999df2af8eb42d56 -> 
AssetImportWorkerClient::OnTransportError - code=2 error=End of file
